1729182203.339263 client started (22704): version 3.5, socket /private/tmp/tmux-501/default, protocol 8
1729182203.339329 on Darwin 23.5.0 Darwin Kernel Version 23.5.0: Wed May  1 20:16:51 PDT 2024; root:xnu-10063.121.3~5/RELEASE_ARM64_T8103
1729182203.339348 using libevent 2.1.12-stable select
1729182203.339543 using utf8proc 2.9.0
1729182203.339558 using ncurses 6.5 20240427
1729182203.339582 flags are 0x10010000
1729182203.339590 socket is /private/tmp/tmux-501/default
1729182203.339604 trying connect
1729182203.339672 add peer 0x120008000: 6 (0x0)
1729182203.342860 sending message 111 to peer 0x120008000 (8 bytes)
1729182203.342887 sending message 111 to peer 0x120008000 (8 bytes)
1729182203.342897 sending message 101 to peer 0x120008000 (16 bytes)
1729182203.342905 sending message 109 to peer 0x120008000 (4 bytes)
1729182203.342913 sending message 102 to peer 0x120008000 (13 bytes)
1729182203.342920 sending message 108 to peer 0x120008000 (34 bytes)
1729182203.342927 sending message 112 to peer 0x120008000 (70 bytes)
1729182203.342935 sending message 112 to peer 0x120008000 (5 bytes)
1729182203.342942 sending message 112 to peer 0x120008000 (5 bytes)
1729182203.342949 sending message 112 to peer 0x120008000 (6 bytes)
1729182203.342956 sending message 112 to peer 0x120008000 (6 bytes)
1729182203.342963 sending message 112 to peer 0x120008000 (11 bytes)
1729182203.342970 sending message 112 to peer 0x120008000 (10 bytes)
1729182203.342976 sending message 112 to peer 0x120008000 (13 bytes)
1729182203.342983 sending message 112 to peer 0x120008000 (13 bytes)
1729182203.342990 sending message 112 to peer 0x120008000 (18 bytes)
1729182203.342997 sending message 112 to peer 0x120008000 (11 bytes)
1729182203.343004 sending message 112 to peer 0x120008000 (21 bytes)
1729182203.343011 sending message 112 to peer 0x120008000 (13 bytes)
1729182203.343018 sending message 112 to peer 0x120008000 (7 bytes)
1729182203.343024 sending message 112 to peer 0x120008000 (13 bytes)
1729182203.343031 sending message 112 to peer 0x120008000 (7 bytes)
1729182203.343038 sending message 112 to peer 0x120008000 (13 bytes)
1729182203.343045 sending message 112 to peer 0x120008000 (9 bytes)
1729182203.343051 sending message 112 to peer 0x120008000 (21 bytes)
1729182203.343058 sending message 112 to peer 0x120008000 (13 bytes)
1729182203.343065 sending message 112 to peer 0x120008000 (8 bytes)
1729182203.343071 sending message 112 to peer 0x120008000 (12 bytes)
1729182203.343078 sending message 112 to peer 0x120008000 (13 bytes)
1729182203.343085 sending message 112 to peer 0x120008000 (9 bytes)
1729182203.343092 sending message 112 to peer 0x120008000 (9 bytes)
1729182203.343098 sending message 112 to peer 0x120008000 (12 bytes)
1729182203.343105 sending message 112 to peer 0x120008000 (8 bytes)
1729182203.343112 sending message 112 to peer 0x120008000 (7 bytes)
1729182203.343118 sending message 112 to peer 0x120008000 (7 bytes)
1729182203.343125 sending message 112 to peer 0x120008000 (9 bytes)
1729182203.343132 sending message 112 to peer 0x120008000 (13 bytes)
1729182203.343138 sending message 112 to peer 0x120008000 (9 bytes)
1729182203.343145 sending message 112 to peer 0x120008000 (13 bytes)
1729182203.343152 sending message 112 to peer 0x120008000 (12 bytes)
1729182203.343159 sending message 112 to peer 0x120008000 (8 bytes)
1729182203.343166 sending message 112 to peer 0x120008000 (9 bytes)
1729182203.343172 sending message 112 to peer 0x120008000 (10 bytes)
1729182203.343179 sending message 112 to peer 0x120008000 (10 bytes)
1729182203.343186 sending message 112 to peer 0x120008000 (10 bytes)
1729182203.343193 sending message 112 to peer 0x120008000 (10 bytes)
1729182203.343199 sending message 112 to peer 0x120008000 (11 bytes)
1729182203.343206 sending message 112 to peer 0x120008000 (10 bytes)
1729182203.343213 sending message 112 to peer 0x120008000 (8 bytes)
1729182203.343220 sending message 112 to peer 0x120008000 (11 bytes)
1729182203.343226 sending message 112 to peer 0x120008000 (11 bytes)
1729182203.343233 sending message 112 to peer 0x120008000 (11 bytes)
1729182203.343258 sending message 112 to peer 0x120008000 (8 bytes)
1729182203.343263 sending message 112 to peer 0x120008000 (8 bytes)
1729182203.343268 sending message 112 to peer 0x120008000 (8 bytes)
1729182203.343273 sending message 112 to peer 0x120008000 (10 bytes)
1729182203.343278 sending message 112 to peer 0x120008000 (10 bytes)
1729182203.343283 sending message 112 to peer 0x120008000 (10 bytes)
1729182203.343288 sending message 112 to peer 0x120008000 (10 bytes)
1729182203.343293 sending message 112 to peer 0x120008000 (10 bytes)
1729182203.343298 sending message 112 to peer 0x120008000 (11 bytes)
1729182203.343303 sending message 112 to peer 0x120008000 (11 bytes)
1729182203.343308 sending message 112 to peer 0x120008000 (10 bytes)
1729182203.343313 sending message 112 to peer 0x120008000 (9 bytes)
1729182203.343318 sending message 112 to peer 0x120008000 (9 bytes)
1729182203.343322 sending message 112 to peer 0x120008000 (12 bytes)
1729182203.343327 sending message 112 to peer 0x120008000 (9 bytes)
1729182203.343332 sending message 112 to peer 0x120008000 (6 bytes)
1729182203.343337 sending message 112 to peer 0x120008000 (8 bytes)
1729182203.343342 sending message 112 to peer 0x120008000 (15 bytes)
1729182203.343347 sending message 112 to peer 0x120008000 (13 bytes)
1729182203.343352 sending message 112 to peer 0x120008000 (70 bytes)
1729182203.343357 sending message 112 to peer 0x120008000 (69 bytes)
1729182203.343362 sending message 112 to peer 0x120008000 (10 bytes)
1729182203.343366 sending message 112 to peer 0x120008000 (8 bytes)
1729182203.343371 sending message 112 to peer 0x120008000 (15 bytes)
1729182203.343376 sending message 112 to peer 0x120008000 (13 bytes)
1729182203.343381 sending message 112 to peer 0x120008000 (10 bytes)
1729182203.343386 sending message 112 to peer 0x120008000 (10 bytes)
1729182203.343390 sending message 112 to peer 0x120008000 (5 bytes)
1729182203.343395 sending message 112 to peer 0x120008000 (5 bytes)
1729182203.343402 sending message 104 to peer 0x120008000 (0 bytes)
1729182203.343407 sending message 110 to peer 0x120008000 (0 bytes)
1729182203.343412 sending message 107 to peer 0x120008000 (4 bytes)
1729182203.343417 sending message 105 to peer 0x120008000 (15 bytes)
1729182203.343422 sending message 105 to peer 0x120008000 (20 bytes)
1729182203.343427 sending message 105 to peer 0x120008000 (22 bytes)
1729182203.343432 sending message 105 to peer 0x120008000 (26 bytes)
1729182203.343437 sending message 105 to peer 0x120008000 (37 bytes)
1729182203.343442 sending message 105 to peer 0x120008000 (30 bytes)
1729182203.343447 sending message 105 to peer 0x120008000 (34 bytes)
1729182203.343452 sending message 105 to peer 0x120008000 (60 bytes)
1729182203.343457 sending message 105 to peer 0x120008000 (22 bytes)
1729182203.343461 sending message 105 to peer 0x120008000 (61 bytes)
1729182203.343466 sending message 105 to peer 0x120008000 (17 bytes)
1729182203.343471 sending message 105 to peer 0x120008000 (19 bytes)
1729182203.343476 sending message 105 to peer 0x120008000 (26 bytes)
1729182203.343481 sending message 105 to peer 0x120008000 (8 bytes)
1729182203.343486 sending message 105 to peer 0x120008000 (22 bytes)
1729182203.343491 sending message 105 to peer 0x120008000 (32 bytes)
1729182203.343496 sending message 105 to peer 0x120008000 (96 bytes)
1729182203.343501 sending message 105 to peer 0x120008000 (54 bytes)
1729182203.343506 sending message 105 to peer 0x120008000 (45 bytes)
1729182203.343511 sending message 105 to peer 0x120008000 (12 bytes)
1729182203.343515 sending message 105 to peer 0x120008000 (11 bytes)
1729182203.343521 sending message 105 to peer 0x120008000 (723 bytes)
1729182203.343526 sending message 105 to peer 0x120008000 (38 bytes)
1729182203.343531 sending message 105 to peer 0x120008000 (16 bytes)
1729182203.343536 sending message 105 to peer 0x120008000 (24 bytes)
1729182203.343541 sending message 105 to peer 0x120008000 (15 bytes)
1729182203.343546 sending message 105 to peer 0x120008000 (8 bytes)
1729182203.343551 sending message 105 to peer 0x120008000 (66 bytes)
1729182203.343564 sending message 105 to peer 0x120008000 (21 bytes)
1729182203.343569 sending message 105 to peer 0x120008000 (86 bytes)
1729182203.343574 sending message 105 to peer 0x120008000 (42 bytes)
1729182203.343579 sending message 105 to peer 0x120008000 (18 bytes)
1729182203.343584 sending message 105 to peer 0x120008000 (25 bytes)
1729182203.343589 sending message 105 to peer 0x120008000 (60 bytes)
1729182203.343594 sending message 105 to peer 0x120008000 (57 bytes)
1729182203.343599 sending message 105 to peer 0x120008000 (43 bytes)
1729182203.343604 sending message 105 to peer 0x120008000 (14 bytes)
1729182203.343609 sending message 105 to peer 0x120008000 (61 bytes)
1729182203.343621 sending message 105 to peer 0x120008000 (19 bytes)
1729182203.343626 sending message 105 to peer 0x120008000 (14 bytes)
1729182203.343630 sending message 105 to peer 0x120008000 (19 bytes)
1729182203.343635 sending message 105 to peer 0x120008000 (36 bytes)
1729182203.343640 sending message 105 to peer 0x120008000 (26 bytes)
1729182203.343645 sending message 105 to peer 0x120008000 (22 bytes)
1729182203.343650 sending message 105 to peer 0x120008000 (43 bytes)
1729182203.343655 sending message 105 to peer 0x120008000 (32 bytes)
1729182203.343660 sending message 105 to peer 0x120008000 (10 bytes)
1729182203.343664 sending message 105 to peer 0x120008000 (25 bytes)
1729182203.343669 sending message 106 to peer 0x120008000 (0 bytes)
1729182203.343729 sending message 200 to peer 0x120008000 (4 bytes)
1729182203.343738 client loop enter
1729182203.343962 peer 0x120008000 message 303
1729182203.343973 open write file 2 -
1729182203.343985 sending message 305 to peer 0x120008000 (8 bytes)
1729182203.344001 write check file 2
1729182203.344047 peer 0x120008000 message 304
1729182203.344052 write 58 to file 2
1729182203.344059 peer 0x120008000 message 203
1729182203.344064 file 2 58 bytes left
1729182203.344079 write check file 2
1729182203.344085 client loop exit
